<?xml version="1.0" encoding="UTF-8"?>
<!-- Generated by org.testng.reporters.JUnitReportReporter -->
<testsuite hostname="DESKTOP-TAS29CJ" name="testing.Example4" tests="10" failures="0" timestamp="21 Jul 2019 06:28:57 GMT" time="82.415" errors="0">
  <testcase name="login" time="10.919" classname="testing.Example4"/>
  <testcase name="login" time="9.351" classname="testing.Example4"/>
  <testcase name="login" time="7.966" classname="testing.Example4"/>
  <testcase name="login" time="8.043" classname="testing.Example4"/>
  <testcase name="login" time="7.956" classname="testing.Example4"/>
  <testcase name="login" time="8.211" classname="testing.Example4"/>
  <testcase name="login" time="6.892" classname="testing.Example4"/>
  <testcase name="login" time="6.751" classname="testing.Example4"/>
  <testcase name="login" time="6.331" classname="testing.Example4"/>
  <testcase name="login" time="9.995" classname="testing.Example4"/>
</testsuite> <!-- testing.Example4 -->
