<?xml version="1.0" encoding="UTF-8"?>
<!-- Generated by org.testng.reporters.JUnitReportReporter -->
<testsuite hostname="DESKTOP-TAS29CJ" name="testing.Example1" tests="1" failures="0" timestamp="21 Jul 2019 06:28:57 GMT" time="0.015" errors="0">
  <testcase name="test5" time="0.015" classname="testing.Example1"/>
</testsuite> <!-- testing.Example1 -->
