<?xml version="1.0" encoding="UTF-8"?>
<!-- Generated by org.testng.reporters.JUnitReportReporter -->
<testsuite hostname="DESKTOP-TAS29CJ" name="testing.Example5" tests="3" failures="0" timestamp="21 Jul 2019 06:28:57 GMT" time="35.739" errors="0">
  <testcase name="linktest" time="10.284" classname="testing.Example5"/>
  <testcase name="logintest" time="14.471" classname="testing.Example5"/>
  <testcase name="logotest" time="10.984" classname="testing.Example5"/>
</testsuite> <!-- testing.Example5 -->
